# JRE version: OpenJDK Runtime Environment JBR-11.0.10.8-1145.96-jcef (11.0.10+8) (build 11.0.10+8-b1145.96)
# Java VM: OpenJDK 64-Bit Server VM JBR-11.0.10.8-1145.96-jcef (11.0.10+8-b1145.96, mixed mode, tiered, compressed oops, concurrent mark sweep gc, linux-amd64)
Heap:
 par new generation   total 39296K, used 15051K [0x00000000c2000000, 0x00000000c4aa0000, 0x00000000cc660000)
  eden space 34944K,  40% used [0x00000000c2000000, 0x00000000c2dc44b0, 0x00000000c4220000)
  from space 4352K,  21% used [0x00000000c4220000, 0x00000000c430e788, 0x00000000c4660000)
  to   space 4352K,   0% used [0x00000000c4660000, 0x00000000c4660000, 0x00000000c4aa0000)
 concurrent mark-sweep generation total 599948K, used 347089K [0x00000000cc660000, 0x00000000f1043000, 0x0000000100000000)
 Metaspace       used 311852K, capacity 323670K, committed 324124K, reserved 1333248K
  class space    used 35961K, capacity 40510K, committed 40664K, reserved 1048576K
GC Heap History (20 events):
Event: 15753.099 GC heap before
{Heap before GC invocations=2114 (full 25):
 par new generation   total 39296K, used 37118K [0x00000000c2000000, 0x00000000c4aa0000, 0x00000000cc660000)
  eden space 34944K, 100% used [0x00000000c2000000, 0x00000000c4220000, 0x00000000c4220000)
  from space 4352K,  49% used [0x00000000c4220000, 0x00000000c443faf8, 0x00000000c4660000)
  to   space 4352K,   0% used [0x00000000c4660000, 0x00000000c4660000, 0x00000000c4aa0000)
 concurrent mark-sweep generation total 599948K, used 345953K [0x00000000cc660000, 0x00000000f1043000, 0x0000000100000000)
 Metaspace       used 311541K, capacity 323224K, committed 323868K, reserved 1333248K
  class space    used 35900K, capacity 40403K, committed 40664K, reserved 1048576K
}
Event: 15753.105 GC heap after
{Heap after GC invocations=2115 (full 25):
 par new generation   total 39296K, used 2589K [0x00000000c2000000, 0x00000000c4aa0000, 0x00000000cc660000)
  eden space 34944K,   0% used [0x00000000c2000000, 0x00000000c2000000, 0x00000000c4220000)
  from space 4352K,  59% used [0x00000000c4660000, 0x00000000c48e76c8, 0x00000000c4aa0000)
  to   space 4352K,   0% used [0x00000000c4220000, 0x00000000c4220000, 0x00000000c4660000)
 concurrent mark-sweep generation total 599948K, used 345953K [0x00000000cc660000, 0x00000000f1043000, 0x0000000100000000)
 Metaspace       used 311541K, capacity 323224K, committed 323868K, reserved 1333248K
  class space    used 35900K, capacity 40403K, committed 40664K, reserved 1048576K
}
Event: 15896.471 GC heap before
{Heap before GC invocations=2115 (full 25):
 par new generation   total 39296K, used 37533K [0x00000000c2000000, 0x00000000c4aa0000, 0x00000000cc660000)
  eden space 34944K, 100% used [0x00000000c2000000, 0x00000000c4220000, 0x00000000c4220000)
  from space 4352K,  59% used [0x00000000c4660000, 0x00000000c48e76c8, 0x00000000c4aa0000)
  to   space 4352K,   0% used [0x00000000c4220000, 0x00000000c4220000, 0x00000000c4660000)
 concurrent mark-sweep generation total 599948K, used 345953K [0x00000000cc660000, 0x00000000f1043000, 0x0000000100000000)
 Metaspace       used 311544K, capacity 323224K, committed 323868K, reserved 1333248K
  class space    used 35900K, capacity 40403K, committed 40664K, reserved 1048576K
}
Event: 15896.477 GC heap after
{Heap after GC invocations=2116 (full 25):
 par new generation   total 39296K, used 2846K [0x00000000c2000000, 0x00000000c4aa0000, 0x00000000cc660000)
  eden space 34944K,   0% used [0x00000000c2000000, 0x00000000c2000000, 0x00000000c4220000)
  from space 4352K,  65% used [0x00000000c4220000, 0x00000000c44e7a38, 0x00000000c4660000)
  to   space 4352K,   0% used [0x00000000c4660000, 0x00000000c4660000, 0x00000000c4aa0000)
 concurrent mark-sweep generation total 599948K, used 345953K [0x00000000cc660000, 0x00000000f1043000, 0x0000000100000000)
 Metaspace       used 311544K, capacity 323224K, committed 323868K, reserved 1333248K
  class space    used 35900K, capacity 40403K, committed 40664K, reserved 1048576K
}
Event: 15998.079 GC heap before
{Heap before GC invocations=2116 (full 25):
 par new generation   total 39296K, used 37790K [0x00000000c2000000, 0x00000000c4aa0000, 0x00000000cc660000)
  eden space 34944K, 100% used [0x00000000c2000000, 0x00000000c4220000, 0x00000000c4220000)
  from space 4352K,  65% used [0x00000000c4220000, 0x00000000c44e7a38, 0x00000000c4660000)
  to   space 4352K,   0% used [0x00000000c4660000, 0x00000000c4660000, 0x00000000c4aa0000)
 concurrent mark-sweep generation total 599948K, used 345953K [0x00000000cc660000, 0x00000000f1043000, 0x0000000100000000)
 Metaspace       used 311546K, capacity 323225K, committed 323868K, reserved 1333248K
  class space    used 35900K, capacity 40403K, committed 40664K, reserved 1048576K
}
Event: 15998.084 GC heap after
{Heap after GC invocations=2117 (full 25):
 par new generation   total 39296K, used 1839K [0x00000000c2000000, 0x00000000c4aa0000, 0x00000000cc660000)
  eden space 34944K,   0% used [0x00000000c2000000, 0x00000000c2000000, 0x00000000c4220000)
  from space 4352K,  42% used [0x00000000c4660000, 0x00000000c482bea0, 0x00000000c4aa0000)
  to   space 4352K,   0% used [0x00000000c4220000, 0x00000000c4220000, 0x00000000c4660000)
 concurrent mark-sweep generation total 599948K, used 345953K [0x00000000cc660000, 0x00000000f1043000, 0x0000000100000000)
 Metaspace       used 311546K, capacity 323225K, committed 323868K, reserved 1333248K
  class space    used 35900K, capacity 40403K, committed 40664K, reserved 1048576K
}
Event: 16107.082 GC heap before
{Heap before GC invocations=2117 (full 25):
 par new generation   total 39296K, used 36783K [0x00000000c2000000, 0x00000000c4aa0000, 0x00000000cc660000)
  eden space 34944K, 100% used [0x00000000c2000000, 0x00000000c4220000, 0x00000000c4220000)
  from space 4352K,  42% used [0x00000000c4660000, 0x00000000c482bea0, 0x00000000c4aa0000)
  to   space 4352K,   0% used [0x00000000c4220000, 0x00000000c4220000, 0x00000000c4660000)
 concurrent mark-sweep generation total 599948K, used 345953K [0x00000000cc660000, 0x00000000f1043000, 0x0000000100000000)
 Metaspace       used 311546K, capacity 323225K, committed 323868K, reserved 1333248K
  class space    used 35900K, capacity 40403K, committed 40664K, reserved 1048576K
}
Event: 16107.089 GC heap after
{Heap after GC invocations=2118 (full 25):
 par new generation   total 39296K, used 1921K [0x00000000c2000000, 0x00000000c4aa0000, 0x00000000cc660000)
  eden space 34944K,   0% used [0x00000000c2000000, 0x00000000c2000000, 0x00000000c4220000)
  from space 4352K,  44% used [0x00000000c4220000, 0x00000000c44004c8, 0x00000000c4660000)
  to   space 4352K,   0% used [0x00000000c4660000, 0x00000000c4660000, 0x00000000c4aa0000)
 concurrent mark-sweep generation total 599948K, used 346364K [0x00000000cc660000, 0x00000000f1043000, 0x0000000100000000)
 Metaspace       used 311546K, capacity 323225K, committed 323868K, reserved 1333248K
  class space    used 35900K, capacity 40403K, committed 40664K, reserved 1048576K
}
Event: 16252.844 GC heap before
{Heap before GC invocations=2118 (full 25):
 par new generation   total 39296K, used 36865K [0x00000000c2000000, 0x00000000c4aa0000, 0x00000000cc660000)
  eden space 34944K, 100% used [0x00000000c2000000, 0x00000000c4220000, 0x00000000c4220000)
  from space 4352K,  44% used [0x00000000c4220000, 0x00000000c44004c8, 0x00000000c4660000)
  to   space 4352K,   0% used [0x00000000c4660000, 0x00000000c4660000, 0x00000000c4aa0000)
 concurrent mark-sweep generation total 599948K, used 346364K [0x00000000cc660000, 0x00000000f1043000, 0x0000000100000000)
 Metaspace       used 311547K, capacity 323225K, committed 323868K, reserved 1333248K
  class space    used 35900K, capacity 40403K, committed 40664K, reserved 1048576K
}
Event: 16252.850 GC heap after
{Heap after GC invocations=2119 (full 25):
 par new generation   total 39296K, used 650K [0x00000000c2000000, 0x00000000c4aa0000, 0x00000000cc660000)
  eden space 34944K,   0% used [0x00000000c2000000, 0x00000000c2000000, 0x00000000c4220000)
  from space 4352K,  14% used [0x00000000c4660000, 0x00000000c4702b40, 0x00000000c4aa0000)
  to   space 4352K,   0% used [0x00000000c4220000, 0x00000000c4220000, 0x00000000c4660000)
 concurrent mark-sweep generation total 599948K, used 346874K [0x00000000cc660000, 0x00000000f1043000, 0x0000000100000000)
 Metaspace       used 311547K, capacity 323225K, committed 323868K, reserved 1333248K
  class space    used 35900K, capacity 40403K, committed 40664K, reserved 1048576K
}
Event: 16398.061 GC heap before
{Heap before GC invocations=2119 (full 25):
 par new generation   total 39296K, used 35594K [0x00000000c2000000, 0x00000000c4aa0000, 0x00000000cc660000)
  eden space 34944K, 100% used [0x00000000c2000000, 0x00000000c4220000, 0x00000000c4220000)
  from space 4352K,  14% used [0x00000000c4660000, 0x00000000c4702b40, 0x00000000c4aa0000)
  to   space 4352K,   0% used [0x00000000c4220000, 0x00000000c4220000, 0x00000000c4660000)
 concurrent mark-sweep generation total 599948K, used 346874K [0x00000000cc660000, 0x00000000f1043000, 0x0000000100000000)
 Metaspace       used 311547K, capacity 323225K, committed 323868K, reserved 1333248K
  class space    used 35900K, capacity 40403K, committed 40664K, reserved 1048576K
}
Event: 16398.065 GC heap after
{Heap after GC invocations=2120 (full 25):
 par new generation   total 39296K, used 437K [0x00000000c2000000, 0x00000000c4aa0000, 0x00000000cc660000)
  eden space 34944K,   0% used [0x00000000c2000000, 0x00000000c2000000, 0x00000000c4220000)
  from space 4352K,  10% used [0x00000000c4220000, 0x00000000c428d458, 0x00000000c4660000)
  to   space 4352K,   0% used [0x00000000c4660000, 0x00000000c4660000, 0x00000000c4aa0000)
 concurrent mark-sweep generation total 599948K, used 347019K [0x00000000cc660000, 0x00000000f1043000, 0x0000000100000000)
 Metaspace       used 311547K, capacity 323225K, committed 323868K, reserved 1333248K
  class space    used 35900K, capacity 40403K, committed 40664K, reserved 1048576K
}
Event: 16498.084 GC heap before
{Heap before GC invocations=2120 (full 25):
 par new generation   total 39296K, used 35381K [0x00000000c2000000, 0x00000000c4aa0000, 0x00000000cc660000)
  eden space 34944K, 100% used [0x00000000c2000000, 0x00000000c4220000, 0x00000000c4220000)
  from space 4352K,  10% used [0x00000000c4220000, 0x00000000c428d458, 0x00000000c4660000)
  to   space 4352K,   0% used [0x00000000c4660000, 0x00000000c4660000, 0x00000000c4aa0000)
 concurrent mark-sweep generation total 599948K, used 347019K [0x00000000cc660000, 0x00000000f1043000, 0x0000000100000000)
 Metaspace       used 311547K, capacity 323225K, committed 323868K, reserved 1333248K
  class space    used 35900K, capacity 40403K, committed 40664K, reserved 1048576K
}
Event: 16498.088 GC heap after
{Heap after GC invocations=2121 (full 25):
 par new generation   total 39296K, used 437K [0x00000000c2000000, 0x00000000c4aa0000, 0x00000000cc660000)
  eden space 34944K,   0% used [0x00000000c2000000, 0x00000000c2000000, 0x00000000c4220000)
  from space 4352K,  10% used [0x00000000c4660000, 0x00000000c46cd630, 0x00000000c4aa0000)
  to   space 4352K,   0% used [0x00000000c4220000, 0x00000000c4220000, 0x00000000c4660000)
 concurrent mark-sweep generation total 599948K, used 347021K [0x00000000cc660000, 0x00000000f1043000, 0x0000000100000000)
 Metaspace       used 311547K, capacity 323225K, committed 323868K, reserved 1333248K
  class space    used 35900K, capacity 40403K, committed 40664K, reserved 1048576K
}
Event: 16624.899 GC heap before
{Heap before GC invocations=2121 (full 25):
 par new generation   total 39296K, used 35381K [0x00000000c2000000, 0x00000000c4aa0000, 0x00000000cc660000)
  eden space 34944K, 100% used [0x00000000c2000000, 0x00000000c4220000, 0x00000000c4220000)
  from space 4352K,  10% used [0x00000000c4660000, 0x00000000c46cd630, 0x00000000c4aa0000)
  to   space 4352K,   0% used [0x00000000c4220000, 0x00000000c4220000, 0x00000000c4660000)
 concurrent mark-sweep generation total 599948K, used 347021K [0x00000000cc660000, 0x00000000f1043000, 0x0000000100000000)
 Metaspace       used 311547K, capacity 323225K, committed 323868K, reserved 1333248K
  class space    used 35900K, capacity 40403K, committed 40664K, reserved 1048576K
}
Event: 16624.905 GC heap after
{Heap after GC invocations=2122 (full 25):
 par new generation   total 39296K, used 332K [0x00000000c2000000, 0x00000000c4aa0000, 0x00000000cc660000)
  eden space 34944K,   0% used [0x00000000c2000000, 0x00000000c2000000, 0x00000000c4220000)
  from space 4352K,   7% used [0x00000000c4220000, 0x00000000c4273330, 0x00000000c4660000)
  to   space 4352K,   0% used [0x00000000c4660000, 0x00000000c4660000, 0x00000000c4aa0000)
 concurrent mark-sweep generation total 599948K, used 347055K [0x00000000cc660000, 0x00000000f1043000, 0x0000000100000000)
 Metaspace       used 311547K, capacity 323225K, committed 323868K, reserved 1333248K
  class space    used 35900K, capacity 40403K, committed 40664K, reserved 1048576K
}
Event: 16740.334 GC heap before
{Heap before GC invocations=2122 (full 25):
 par new generation   total 39296K, used 35276K [0x00000000c2000000, 0x00000000c4aa0000, 0x00000000cc660000)
  eden space 34944K, 100% used [0x00000000c2000000, 0x00000000c4220000, 0x00000000c4220000)
  from space 4352K,   7% used [0x00000000c4220000, 0x00000000c4273330, 0x00000000c4660000)
  to   space 4352K,   0% used [0x00000000c4660000, 0x00000000c4660000, 0x00000000c4aa0000)
 concurrent mark-sweep generation total 599948K, used 347055K [0x00000000cc660000, 0x00000000f1043000, 0x0000000100000000)
 Metaspace       used 311547K, capacity 323225K, committed 323868K, reserved 1333248K
  class space    used 35900K, capacity 40403K, committed 40664K, reserved 1048576K
}
Event: 16740.339 GC heap after
{Heap after GC invocations=2123 (full 25):
 par new generation   total 39296K, used 348K [0x00000000c2000000, 0x00000000c4aa0000, 0x00000000cc660000)
  eden space 34944K,   0% used [0x00000000c2000000, 0x00000000c2000000, 0x00000000c4220000)
  from space 4352K,   8% used [0x00000000c4660000, 0x00000000c46b7258, 0x00000000c4aa0000)
  to   space 4352K,   0% used [0x00000000c4220000, 0x00000000c4220000, 0x00000000c4660000)
 concurrent mark-sweep generation total 599948K, used 347056K [0x00000000cc660000, 0x00000000f1043000, 0x0000000100000000)
 Metaspace       used 311547K, capacity 323225K, committed 323868K, reserved 1333248K
  class space    used 35900K, capacity 40403K, committed 40664K, reserved 1048576K
}
Event: 16747.201 GC heap before
{Heap before GC invocations=2123 (full 25):
 par new generation   total 39296K, used 35065K [0x00000000c2000000, 0x00000000c4aa0000, 0x00000000cc660000)
  eden space 34944K,  99% used [0x00000000c2000000, 0x00000000c41e7530, 0x00000000c4220000)
  from space 4352K,   8% used [0x00000000c4660000, 0x00000000c46b7258, 0x00000000c4aa0000)
  to   space 4352K,   0% used [0x00000000c4220000, 0x00000000c4220000, 0x00000000c4660000)
 concurrent mark-sweep generation total 599948K, used 347056K [0x00000000cc660000, 0x00000000f1043000, 0x0000000100000000)
 Metaspace       used 311577K, capacity 323232K, committed 323868K, reserved 1333248K
  class space    used 35900K, capacity 40403K, committed 40664K, reserved 1048576K
}
Event: 16747.207 GC heap after
{Heap after GC invocations=2124 (full 25):
 par new generation   total 39296K, used 953K [0x00000000c2000000, 0x00000000c4aa0000, 0x00000000cc660000)
  eden space 34944K,   0% used [0x00000000c2000000, 0x00000000c2000000, 0x00000000c4220000)
  from space 4352K,  21% used [0x00000000c4220000, 0x00000000c430e788, 0x00000000c4660000)
  to   space 4352K,   0% used [0x00000000c4660000, 0x00000000c4660000, 0x00000000c4aa0000)
 concurrent mark-sweep generation total 599948K, used 347089K [0x00000000cc660000, 0x00000000f1043000, 0x0000000100000000)
 Metaspace       used 311577K, capacity 323232K, committed 323868K, reserved 1333248K
  class space    used 35900K, capacity 40403K, committed 40664K, reserved 1048576K
}

